<?xml version="1.0" encoding="UTF-8"?>
<!-- Generated by org.testng.reporters.JUnitReportReporter -->
<testsuite hostname="DESKTOP-0UE9EKQ" failures="0" tests="1" name="testBase.CartPageTest" time="0.031" errors="0" timestamp="2025-04-08T21:47:33 IST" skipped="0">
  <testcase classname="testBase.CartPageTest" name="verifyTheTilteOfThePage" time="0.031"/>
</testsuite> <!-- testBase.CartPageTest -->
