<?xml version="1.0" encoding="UTF-8"?>
<!-- Generated by org.testng.reporters.JUnitReportReporter -->
<testsuite hostname="DESKTOP-0UE9EKQ" failures="0" tests="12" name="testBase.LoginPageTest" time="32.739" errors="0" timestamp="2025-04-10T16:56:37 IST" skipped="1">
  <testcase classname="testBase.LoginPageTest" name="LogininVaildCrential" time="10.727"/>
  <testcase classname="testBase.LoginPageTest" name="LogininVaildCrential" time="1.867"/>
  <testcase classname="testBase.LoginPageTest" name="LogininVaildCrential" time="1.638"/>
  <testcase classname="testBase.LoginPageTest" name="LogininVaildCrential" time="1.659"/>
  <testcase classname="testBase.LoginPageTest" name="LogininVaildCrential" time="1.795"/>
  <testcase classname="testBase.LoginPageTest" name="LogininVaildCrential" time="2.617"/>
  <testcase classname="testBase.LoginPageTest" name="LogininVaildCrential" time="2.924"/>
  <testcase classname="testBase.LoginPageTest" name="LogininVaildCrential" time="1.292"/>
  <testcase classname="testBase.LoginPageTest" name="LogininVaildCrential" time="3.707"/>
  <testcase classname="testBase.LoginPageTest" name="LogininVaildCrential" time="2.264"/>
  <testcase classname="testBase.LoginPageTest" name="Login" time="2.249"/>
  <testcase classname="testBase.LoginPageTest" name="LoginVaildCrential">
    <skipped/>
  </testcase> <!-- LoginVaildCrential -->
</testsuite> <!-- testBase.LoginPageTest -->
