<?xml version="1.0" encoding="UTF-8"?>
<!-- Generated by org.testng.reporters.JUnitReportReporter -->
<testsuite hostname="DESKTOP-0UE9EKQ" failures="0" tests="5" name="testBase.CheckOutCompletePageTest" time="5.085" errors="0" timestamp="2025-04-10T16:56:37 IST" skipped="0">
  <testcase classname="testBase.CheckOutCompletePageTest" name="VerifyTheFinishButtonClickable" time="0.565"/>
  <testcase classname="testBase.CheckOutCompletePageTest" name="VerifyTheThanksMessage" time="2.184"/>
  <testcase classname="testBase.CheckOutCompletePageTest" name="VerifyTheCompleteTextMessage" time="0.230"/>
  <testcase classname="testBase.CheckOutCompletePageTest" name="VerifyTheTickIconVisibele" time="0.933"/>
  <testcase classname="testBase.CheckOutCompletePageTest" name="verifyTheTiTleOfThePage" time="1.173"/>
</testsuite> <!-- testBase.CheckOutCompletePageTest -->
