<?xml version="1.0" encoding="UTF-8"?>
<!-- Generated by org.testng.reporters.JUnitReportReporter -->
<testsuite hostname="DESKTOP-0UE9EKQ" failures="0" tests="3" name="testBase.CartPageTest" time="1.338" errors="0" timestamp="2025-04-10T16:56:37 IST" skipped="1">
  <testcase classname="testBase.CartPageTest" name="clickTheCheckOutButton" time="0.387"/>
  <testcase classname="testBase.CartPageTest" name="verifyTheTitleOfThePage" time="0.951"/>
  <testcase classname="testBase.CartPageTest" name="clickTheContinueButton">
    <skipped/>
  </testcase> <!-- clickTheContinueButton -->
</testsuite> <!-- testBase.CartPageTest -->
